<?xml version="1.0" encoding="UTF-8"?>
<testsuite name="com.jojoldu.book.springboot.web.HelloControllerTest" tests="2" skipped="0" failures="0" errors="0" timestamp="2022-08-22T15:30:58" hostname="DESKTOP-CQK8RFV" time="0.042">
  <properties/>
  <testcase name="hello가_리턴된다()" classname="com.jojoldu.book.springboot.web.HelloControllerTest" time="0.014"/>
  <testcase name="helloDto가_리턴된다()" classname="com.jojoldu.book.springboot.web.HelloControllerTest" time="0.027"/>
  <system-out><![CDATA[2022-08-23 00:30:57.706  INFO 3620 --- [    Test worker] .b.t.a.w.s.WebMvcTestContextBootstrapper : Neither @ContextConfiguration nor @ContextHierarchy found for test class [com.jojoldu.book.springboot.web.HelloControllerTest], using SpringBootContextLoader
2022-08-23 00:30:57.707  INFO 3620 --- [    Test worker] o.s.t.c.support.AbstractContextLoader    : Could not detect default resource locations for test class [com.jojoldu.book.springboot.web.HelloControllerTest]: no resource found for suffixes {-context.xml, Context.groovy}.
2022-08-23 00:30:57.707  INFO 3620 --- [    Test worker] t.c.s.AnnotationConfigContextLoaderUtils : Could not detect default configuration classes for test class [com.jojoldu.book.springboot.web.HelloControllerTest]: HelloControllerTest does not declare any static, non-private, non-final, nested classes annotated with @Configuration.
2022-08-23 00:30:57.718  INFO 3620 --- [    Test worker] .b.t.c.SpringBootTestContextBootstrapper : Found @SpringBootConfiguration com.jojoldu.book.springboot.Application for test class com.jojoldu.book.springboot.web.HelloControllerTest
2022-08-23 00:30:57.719  INFO 3620 --- [    Test worker] .b.t.a.w.s.WebMvcTestContextBootstrapper : Loaded default TestExecutionListener class names from location [META-INF/spring.factories]: [org.springframework.security.test.context.support.WithSecurityContextTestExecutionListener, org.springframework.security.test.context.support.ReactorContextTestExecutionListener, org.springframework.boot.test.autoconfigure.restdocs.RestDocsTestExecutionListener, org.springframework.boot.test.autoconfigure.web.client.MockRestServiceServerResetTestExecutionListener, org.springframework.boot.test.autoconfigure.web.servlet.MockMvcPrintOnlyOnFailureTestExecutionListener, org.springframework.boot.test.autoconfigure.web.servlet.WebDriverTestExecutionListener, org.springframework.boot.test.autoconfigure.webservices.client.MockWebServiceServerTestExecutionListener, org.springframework.boot.test.mock.mockito.MockitoTestExecutionListener, org.springframework.boot.test.mock.mockito.ResetMocksTestExecutionListener, org.springframework.test.context.web.ServletTestExecutionListener, org.springframework.test.context.support.DirtiesContextBeforeModesTestExecutionListener, org.springframework.test.context.support.DependencyInjectionTestExecutionListener, org.springframework.test.context.support.DirtiesContextTestExecutionListener, org.springframework.test.context.transaction.TransactionalTestExecutionListener, org.springframework.test.context.jdbc.SqlScriptsTestExecutionListener, org.springframework.test.context.event.EventPublishingTestExecutionListener]
2022-08-23 00:30:57.720  INFO 3620 --- [    Test worker] .b.t.a.w.s.WebMvcTestContextBootstrapper : Using TestExecutionListeners: [org.springframework.test.context.web.ServletTestExecutionListener@232b9885, org.springframework.test.context.support.DirtiesContextBeforeModesTestExecutionListener@43534bf7, org.springframework.boot.test.mock.mockito.MockitoTestExecutionListener@2c8a5179, org.springframework.boot.test.autoconfigure.SpringBootDependencyInjectionTestExecutionListener@2d9bc5cf, org.springframework.test.context.support.DirtiesContextTestExecutionListener@528b8f49, org.springframework.test.context.transaction.TransactionalTestExecutionListener@b5e7a1c, org.springframework.test.context.jdbc.SqlScriptsTestExecutionListener@7521f397, org.springframework.security.test.context.support.WithSecurityContextTestExecutionListener@6e7e541, org.springframework.test.context.event.EventPublishingTestExecutionListener@818c313, org.springframework.security.test.context.support.ReactorContextTestExecutionListener@70eec696, org.springframework.boot.test.autoconfigure.restdocs.RestDocsTestExecutionListener@aa92e57, org.springframework.boot.test.autoconfigure.web.client.MockRestServiceServerResetTestExecutionListener@33dd0fae, org.springframework.boot.test.autoconfigure.web.servlet.MockMvcPrintOnlyOnFailureTestExecutionListener@7d93429d, org.springframework.boot.test.autoconfigure.web.servlet.WebDriverTestExecutionListener@7bcff1cf, org.springframework.boot.test.autoconfigure.webservices.client.MockWebServiceServerTestExecutionListener@3857b377, org.springframework.boot.test.mock.mockito.ResetMocksTestExecutionListener@63ac6bac]

  .   ____          _            __ _ _
 /\\ / ___'_ __ _ _(_)_ __  __ _ \ \ \ \
( ( )\___ | '_ | '_| | '_ \/ _` | \ \ \ \
 \\/  ___)| |_)| | | | | || (_| |  ) ) ) )
  '  |____| .__|_| |_|_| |_\__, | / / / /
 =========|_|==============|___/=/_/_/_/
 :: Spring Boot ::                (v2.4.1)

2022-08-23 00:30:57.737  INFO 3620 --- [    Test worker] c.j.b.s.web.HelloControllerTest          : Starting HelloControllerTest using Java 11.0.12 on DESKTOP-CQK8RFV with PID 3620 (started by jinsb in D:\study\springboot-aws-project\freelec-springboot2-webservice)
2022-08-23 00:30:57.737  INFO 3620 --- [    Test worker] c.j.b.s.web.HelloControllerTest          : No active profile set, falling back to default profiles: default
2022-08-23 00:30:57.985  INFO 3620 --- [    Test worker] o.s.s.concurrent.ThreadPoolTaskExecutor  : Initializing ExecutorService 'applicationTaskExecutor'
2022-08-23 00:30:58.004  INFO 3620 --- [    Test worker] o.s.b.a.w.s.WelcomePageHandlerMapping    : Adding welcome page template: index
2022-08-23 00:30:58.219  INFO 3620 --- [    Test worker] o.s.s.web.DefaultSecurityFilterChain     : Will secure any request with [org.springframework.security.web.context.request.async.WebAsyncManagerIntegrationFilter@72dd9a3a, org.springframework.security.web.context.SecurityContextPersistenceFilter@7aac1288, org.springframework.security.web.header.HeaderWriterFilter@23ea316c, org.springframework.security.web.csrf.CsrfFilter@77b36044, org.springframework.security.web.authentication.logout.LogoutFilter@7b3e9ec4, org.springframework.security.oauth2.client.web.OAuth2AuthorizationRequestRedirectFilter@5a75fc1e, org.springframework.security.oauth2.client.web.OAuth2AuthorizationRequestRedirectFilter@6e233fe3, org.springframework.security.oauth2.client.web.OAuth2LoginAuthenticationFilter@75fa116a, org.springframework.security.web.authentication.ui.DefaultLoginPageGeneratingFilter@425ed7d6, org.springframework.security.web.authentication.ui.DefaultLogoutPageGeneratingFilter@33b92295, org.springframework.security.web.savedrequest.RequestCacheAwareFilter@b265ffa, org.springframework.security.web.servletapi.SecurityContextHolderAwareRequestFilter@79b57ea3, org.springframework.security.web.authentication.AnonymousAuthenticationFilter@769cd5b0, org.springframework.security.oauth2.client.web.OAuth2AuthorizationCodeGrantFilter@4205e4a2, org.springframework.security.web.session.SessionManagementFilter@15f1b800, org.springframework.security.web.access.ExceptionTranslationFilter@4f37d98e, org.springframework.security.web.access.intercept.FilterSecurityInterceptor@2d84d6cf]
2022-08-23 00:30:58.262  INFO 3620 --- [    Test worker] o.s.b.t.m.w.SpringBootMockServletContext : Initializing Spring TestDispatcherServlet ''
2022-08-23 00:30:58.262  INFO 3620 --- [    Test worker] o.s.t.web.servlet.TestDispatcherServlet  : Initializing Servlet ''
2022-08-23 00:30:58.262  INFO 3620 --- [    Test worker] o.s.t.web.servlet.TestDispatcherServlet  : Completed initialization in 0 ms
2022-08-23 00:30:58.272  INFO 3620 --- [    Test worker] c.j.b.s.web.HelloControllerTest          : Started HelloControllerTest in 0.549 seconds (JVM running for 8.423)
]]></system-out>
  <system-err><![CDATA[]]></system-err>
</testsuite>
